'2020-02-06 22:58:58,201-python33-40 -[日志信息：这是什么贵]-28'
'2020-02-06 22:59:39,995-python33-40 -[日志信息：这是啥]-12'
'2020-02-06 23:06:15,549-login-10 -[日志信息：获取日志类方法成功]-12'
'2020-02-06 23:06:15,868-login-20 -[日志信息：第1条用例执行结果：PASS]-27'
'2020-02-06 23:06:16,183-login-20 -[日志信息：第2条用例执行结果：PASS]-27'
'2020-02-06 23:06:16,332-login-20 -[日志信息：第3条用例执行结果：PASS]-27'
'2020-02-06 23:06:16,456-login-20 -[日志信息：第4条用例执行结果：PASS]-27'
'2020-02-06 23:08:04,657-login-DEBUG -[日志信息：获取日志类方法成功]-12'
'2020-02-06 23:08:04,972-login-INFO -[日志信息：第1条用例执行结果：PASS]-27'
'2020-02-06 23:08:05,274-login-INFO -[日志信息：第2条用例执行结果：PASS]-27'
'2020-02-06 23:08:05,407-login-INFO -[日志信息：第3条用例执行结果：PASS]-27'
'2020-02-06 23:08:05,540-login-INFO -[日志信息：第4条用例执行结果：PASS]-27'
'2020-02-06 23:09:22,871-login-[级别：DEBUG] -[日志信息：获取日志类方法成功]-12'
'2020-02-06 23:09:23,200-login-[级别：INFO] -[日志信息：第1条用例执行结果：PASS]-27'
'2020-02-06 23:09:23,480-login-[级别：INFO] -[日志信息：第2条用例执行结果：PASS]-27'
'2020-02-06 23:09:23,595-login-[级别：INFO] -[日志信息：第3条用例执行结果：PASS]-27'
'2020-02-06 23:09:23,720-login-[级别：INFO] -[日志信息：第4条用例执行结果：PASS]-27'
'2020-02-06 23:12:33,059-login-[级别：DEBUG] -[日志信息：获取日志类方法成功]-12'
'2020-02-06 23:12:33,433-login-[级别：INFO] -[日志信息：第1条用例执行结果：FAIL]-31'
'2020-02-06 23:12:33,433-login-[级别：ERROR] -[日志信息：login_error :: {"status":1,"code":"10001","data":null,"msg":"登录"} != {"status":1,"code":"10001","data":null,"msg":"登录成功"}]-32'
'2020-02-06 23:12:33,716-login-[级别：INFO] -[日志信息：第2条用例执行结果：PASS]-27'
'2020-02-06 23:12:33,846-login-[级别：INFO] -[日志信息：第3条用例执行结果：PASS]-27'
'2020-02-06 23:12:33,964-login-[级别：INFO] -[日志信息：第4条用例执行结果：PASS]-27'
'2020-02-06 23:14:23,344-login-[级别：DEBUG] -[日志信息：获取日志类方法成功]-line:12'
'2020-02-06 23:14:23,619-login-[级别：INFO] -[日志信息：第1条用例执行结果：FAIL]-line:31'
'2020-02-06 23:14:23,620-login-[级别：ERROR] -[日志信息：login_error :: {"status":1,"code":"10001","data":null,"msg":"登录"} != {"status":1,"code":"10001","data":null,"msg":"登录成功"}]-line:32'
'2020-02-06 23:14:23,866-login-[级别：INFO] -[日志信息：第2条用例执行结果：PASS]-line:27'
'2020-02-06 23:14:24,005-login-[级别：INFO] -[日志信息：第3条用例执行结果：PASS]-line:27'
'2020-02-06 23:14:24,117-login-[级别：INFO] -[日志信息：第4条用例执行结果：PASS]-line:27'
'2020-02-06 23:21:48,246-login-[级别：DEBUG] -[日志信息：获取日志类方法成功]-line:8'
'2020-02-06 23:21:48,248-login-[级别：DEBUG] -[日志信息：获取日志类方法成功]-line:12'
'2020-02-06 23:21:48,248-login-[级别：DEBUG] -[日志信息：获取日志类方法成功]-line:12'
'2020-02-06 23:21:48,271-login-[级别：INFO] -[日志信息：地址是：http://test.lemonban.com/futureloan/mvc/api/member/login]-line:17'
'2020-02-06 23:21:48,271-login-[级别：INFO] -[日志信息：地址是：http://test.lemonban.com/futureloan/mvc/api/member/login]-line:17'
'2020-02-06 23:21:48,271-login-[级别：DEBUG] -[日志信息：{"mobilephone":"13100000001","pwd":"123456"}]-line:19'
'2020-02-06 23:21:48,271-login-[级别：DEBUG] -[日志信息：{"mobilephone":"13100000001","pwd":"123456"}]-line:19'
'2020-02-06 23:21:48,705-login-[级别：INFO] -[日志信息：第1条用例执行结果：FAIL]-line:32'
'2020-02-06 23:21:48,705-login-[级别：INFO] -[日志信息：第1条用例执行结果：FAIL]-line:32'
'2020-02-06 23:21:48,718-login-[级别：ERROR] -[日志信息：login_error :: {"status":1,"code":"10001","data":null,"msg":"登录"} != {"status":1,"code":"10001","data":null,"msg":"登录成功"}]-line:33'
'2020-02-06 23:21:48,718-login-[级别：ERROR] -[日志信息：login_error :: {"status":1,"code":"10001","data":null,"msg":"登录"} != {"status":1,"code":"10001","data":null,"msg":"登录成功"}]-line:33'
'2020-02-06 23:21:48,720-login-[级别：INFO] -[日志信息：地址是：http://test.lemonban.com/futureloan/mvc/api/member/login]-line:17'
'2020-02-06 23:21:48,720-login-[级别：INFO] -[日志信息：地址是：http://test.lemonban.com/futureloan/mvc/api/member/login]-line:17'
'2020-02-06 23:21:48,720-login-[级别：DEBUG] -[日志信息：{"mobilephone":"13100000001","pwd":"1234567"}]-line:19'
'2020-02-06 23:21:48,720-login-[级别：DEBUG] -[日志信息：{"mobilephone":"13100000001","pwd":"1234567"}]-line:19'
'2020-02-06 23:21:48,980-login-[级别：INFO] -[日志信息：第2条用例执行结果：PASS]-line:28'
'2020-02-06 23:21:48,980-login-[级别：INFO] -[日志信息：第2条用例执行结果：PASS]-line:28'
'2020-02-06 23:21:48,983-login-[级别：INFO] -[日志信息：地址是：http://test.lemonban.com/futureloan/mvc/api/member/login]-line:17'
'2020-02-06 23:21:48,983-login-[级别：INFO] -[日志信息：地址是：http://test.lemonban.com/futureloan/mvc/api/member/login]-line:17'
'2020-02-06 23:21:48,983-login-[级别：DEBUG] -[日志信息：{"mobilephone":"13100000001","pwd":""}]-line:19'
'2020-02-06 23:21:48,983-login-[级别：DEBUG] -[日志信息：{"mobilephone":"13100000001","pwd":""}]-line:19'
'2020-02-06 23:21:49,088-login-[级别：INFO] -[日志信息：第3条用例执行结果：PASS]-line:28'
'2020-02-06 23:21:49,088-login-[级别：INFO] -[日志信息：第3条用例执行结果：PASS]-line:28'
'2020-02-06 23:21:49,089-login-[级别：INFO] -[日志信息：地址是：http://test.lemonban.com/futureloan/mvc/api/member/login]-line:17'
'2020-02-06 23:21:49,089-login-[级别：INFO] -[日志信息：地址是：http://test.lemonban.com/futureloan/mvc/api/member/login]-line:17'
'2020-02-06 23:21:49,090-login-[级别：DEBUG] -[日志信息：{"mobilephone":"","pwd":"123456"}]-line:19'
'2020-02-06 23:21:49,090-login-[级别：DEBUG] -[日志信息：{"mobilephone":"","pwd":"123456"}]-line:19'
'2020-02-06 23:21:49,239-login-[级别：INFO] -[日志信息：第4条用例执行结果：PASS]-line:28'
'2020-02-06 23:21:49,239-login-[级别：INFO] -[日志信息：第4条用例执行结果：PASS]-line:28'
'2020-02-06 23:23:26,746-login-[级别：DEBUG] -[日志信息：获取日志类方法成功]-line:8'
'2020-02-06 23:23:26,747-login-[级别：DEBUG] -[日志信息：获取日志类方法成功]-line:12'
'2020-02-06 23:23:26,747-login-[级别：DEBUG] -[日志信息：获取日志类方法成功]-line:12'
'2020-02-06 23:23:26,772-login-[级别：WARNING] -[日志信息：<class 'ResourceWarning'>]-line:21'
'2020-02-06 23:23:26,772-login-[级别：WARNING] -[日志信息：<class 'ResourceWarning'>]-line:21'
'2020-02-06 23:23:26,773-login-[级别：INFO] -[日志信息：地址是：http://test.lemonban.com/futureloan/mvc/api/member/login]-line:17'
'2020-02-06 23:23:26,773-login-[级别：INFO] -[日志信息：地址是：http://test.lemonban.com/futureloan/mvc/api/member/login]-line:17'
'2020-02-06 23:23:26,774-login-[级别：DEBUG] -[日志信息：{"mobilephone":"13100000001","pwd":"123456"}]-line:19'
'2020-02-06 23:23:26,774-login-[级别：DEBUG] -[日志信息：{"mobilephone":"13100000001","pwd":"123456"}]-line:19'
'2020-02-06 23:23:27,054-login-[级别：INFO] -[日志信息：第1条用例执行结果：FAIL]-line:33'
'2020-02-06 23:23:27,054-login-[级别：INFO] -[日志信息：第1条用例执行结果：FAIL]-line:33'
'2020-02-06 23:23:27,054-login-[级别：ERROR] -[日志信息：login_error :: {"status":1,"code":"10001","data":null,"msg":"登录"} != {"status":1,"code":"10001","data":null,"msg":"登录成功"}]-line:34'
'2020-02-06 23:23:27,054-login-[级别：ERROR] -[日志信息：login_error :: {"status":1,"code":"10001","data":null,"msg":"登录"} != {"status":1,"code":"10001","data":null,"msg":"登录成功"}]-line:34'
'2020-02-06 23:23:27,055-login-[级别：WARNING] -[日志信息：<class 'ResourceWarning'>]-line:21'
'2020-02-06 23:23:27,055-login-[级别：WARNING] -[日志信息：<class 'ResourceWarning'>]-line:21'
'2020-02-06 23:23:27,056-login-[级别：INFO] -[日志信息：地址是：http://test.lemonban.com/futureloan/mvc/api/member/login]-line:17'
'2020-02-06 23:23:27,056-login-[级别：INFO] -[日志信息：地址是：http://test.lemonban.com/futureloan/mvc/api/member/login]-line:17'
'2020-02-06 23:23:27,056-login-[级别：DEBUG] -[日志信息：{"mobilephone":"13100000001","pwd":"1234567"}]-line:19'
'2020-02-06 23:23:27,056-login-[级别：DEBUG] -[日志信息：{"mobilephone":"13100000001","pwd":"1234567"}]-line:19'
'2020-02-06 23:23:27,324-login-[级别：INFO] -[日志信息：第2条用例执行结果：PASS]-line:29'
'2020-02-06 23:23:27,324-login-[级别：INFO] -[日志信息：第2条用例执行结果：PASS]-line:29'
'2020-02-06 23:23:27,325-login-[级别：WARNING] -[日志信息：<class 'ResourceWarning'>]-line:21'
'2020-02-06 23:23:27,325-login-[级别：WARNING] -[日志信息：<class 'ResourceWarning'>]-line:21'
'2020-02-06 23:23:27,326-login-[级别：INFO] -[日志信息：地址是：http://test.lemonban.com/futureloan/mvc/api/member/login]-line:17'
'2020-02-06 23:23:27,326-login-[级别：INFO] -[日志信息：地址是：http://test.lemonban.com/futureloan/mvc/api/member/login]-line:17'
'2020-02-06 23:23:27,326-login-[级别：DEBUG] -[日志信息：{"mobilephone":"13100000001","pwd":""}]-line:19'
'2020-02-06 23:23:27,326-login-[级别：DEBUG] -[日志信息：{"mobilephone":"13100000001","pwd":""}]-line:19'
'2020-02-06 23:23:27,461-login-[级别：INFO] -[日志信息：第3条用例执行结果：PASS]-line:29'
'2020-02-06 23:23:27,461-login-[级别：INFO] -[日志信息：第3条用例执行结果：PASS]-line:29'
'2020-02-06 23:23:27,461-login-[级别：WARNING] -[日志信息：<class 'ResourceWarning'>]-line:21'
'2020-02-06 23:23:27,461-login-[级别：WARNING] -[日志信息：<class 'ResourceWarning'>]-line:21'
'2020-02-06 23:23:27,464-login-[级别：INFO] -[日志信息：地址是：http://test.lemonban.com/futureloan/mvc/api/member/login]-line:17'
'2020-02-06 23:23:27,464-login-[级别：INFO] -[日志信息：地址是：http://test.lemonban.com/futureloan/mvc/api/member/login]-line:17'
'2020-02-06 23:23:27,464-login-[级别：DEBUG] -[日志信息：{"mobilephone":"","pwd":"123456"}]-line:19'
'2020-02-06 23:23:27,464-login-[级别：DEBUG] -[日志信息：{"mobilephone":"","pwd":"123456"}]-line:19'
'2020-02-06 23:23:27,592-login-[级别：INFO] -[日志信息：第4条用例执行结果：PASS]-line:29'
'2020-02-06 23:23:27,592-login-[级别：INFO] -[日志信息：第4条用例执行结果：PASS]-line:29'
'2020-02-06 23:26:41,955-login-[级别：DEBUG] -[日志信息：获取日志类方法成功]-line:8'
'2020-02-06 23:26:41,957-login-[级别：DEBUG] -[日志信息：获取日志类方法成功]-line:12'
'2020-02-06 23:26:41,957-login-[级别：DEBUG] -[日志信息：获取日志类方法成功]-line:12'
'2020-02-06 23:26:41,982-login-[级别：WARNING] -[日志信息：Enable tracemalloc to get the object allocation traceback]-line:21'
'2020-02-06 23:26:41,982-login-[级别：WARNING] -[日志信息：Enable tracemalloc to get the object allocation traceback]-line:21'
'2020-02-06 23:26:41,983-login-[级别：INFO] -[日志信息：地址是：http://test.lemonban.com/futureloan/mvc/api/member/login]-line:17'
'2020-02-06 23:26:41,983-login-[级别：INFO] -[日志信息：地址是：http://test.lemonban.com/futureloan/mvc/api/member/login]-line:17'
'2020-02-06 23:26:41,984-login-[级别：DEBUG] -[日志信息：{"mobilephone":"13100000001","pwd":"123456"}]-line:19'
'2020-02-06 23:26:41,984-login-[级别：DEBUG] -[日志信息：{"mobilephone":"13100000001","pwd":"123456"}]-line:19'
'2020-02-06 23:26:42,280-login-[级别：INFO] -[日志信息：第1条用例执行结果：FAIL]-line:33'
'2020-02-06 23:26:42,280-login-[级别：INFO] -[日志信息：第1条用例执行结果：FAIL]-line:33'
'2020-02-06 23:26:42,280-login-[级别：ERROR] -[日志信息：login_error :: {"status":1,"code":"10001","data":null,"msg":"登录"} != {"status":1,"code":"10001","data":null,"msg":"登录成功"}]-line:34'
'2020-02-06 23:26:42,280-login-[级别：ERROR] -[日志信息：login_error :: {"status":1,"code":"10001","data":null,"msg":"登录"} != {"status":1,"code":"10001","data":null,"msg":"登录成功"}]-line:34'
'2020-02-06 23:26:42,282-login-[级别：WARNING] -[日志信息：Enable tracemalloc to get the object allocation traceback]-line:21'
'2020-02-06 23:26:42,282-login-[级别：WARNING] -[日志信息：Enable tracemalloc to get the object allocation traceback]-line:21'
'2020-02-06 23:26:42,283-login-[级别：INFO] -[日志信息：地址是：http://test.lemonban.com/futureloan/mvc/api/member/login]-line:17'
'2020-02-06 23:26:42,283-login-[级别：INFO] -[日志信息：地址是：http://test.lemonban.com/futureloan/mvc/api/member/login]-line:17'
'2020-02-06 23:26:42,283-login-[级别：DEBUG] -[日志信息：{"mobilephone":"13100000001","pwd":"1234567"}]-line:19'
'2020-02-06 23:26:42,283-login-[级别：DEBUG] -[日志信息：{"mobilephone":"13100000001","pwd":"1234567"}]-line:19'
'2020-02-06 23:26:42,529-login-[级别：INFO] -[日志信息：第2条用例执行结果：PASS]-line:29'
'2020-02-06 23:26:42,529-login-[级别：INFO] -[日志信息：第2条用例执行结果：PASS]-line:29'
'2020-02-06 23:26:42,529-login-[级别：WARNING] -[日志信息：Enable tracemalloc to get the object allocation traceback]-line:21'
'2020-02-06 23:26:42,529-login-[级别：WARNING] -[日志信息：Enable tracemalloc to get the object allocation traceback]-line:21'
'2020-02-06 23:26:42,531-login-[级别：INFO] -[日志信息：地址是：http://test.lemonban.com/futureloan/mvc/api/member/login]-line:17'
'2020-02-06 23:26:42,531-login-[级别：INFO] -[日志信息：地址是：http://test.lemonban.com/futureloan/mvc/api/member/login]-line:17'
'2020-02-06 23:26:42,531-login-[级别：DEBUG] -[日志信息：{"mobilephone":"13100000001","pwd":""}]-line:19'
'2020-02-06 23:26:42,531-login-[级别：DEBUG] -[日志信息：{"mobilephone":"13100000001","pwd":""}]-line:19'
'2020-02-06 23:26:42,648-login-[级别：INFO] -[日志信息：第3条用例执行结果：PASS]-line:29'
'2020-02-06 23:26:42,648-login-[级别：INFO] -[日志信息：第3条用例执行结果：PASS]-line:29'
'2020-02-06 23:26:42,648-login-[级别：WARNING] -[日志信息：Enable tracemalloc to get the object allocation traceback]-line:21'
'2020-02-06 23:26:42,648-login-[级别：WARNING] -[日志信息：Enable tracemalloc to get the object allocation traceback]-line:21'
'2020-02-06 23:26:42,649-login-[级别：INFO] -[日志信息：地址是：http://test.lemonban.com/futureloan/mvc/api/member/login]-line:17'
'2020-02-06 23:26:42,649-login-[级别：INFO] -[日志信息：地址是：http://test.lemonban.com/futureloan/mvc/api/member/login]-line:17'
'2020-02-06 23:26:42,650-login-[级别：DEBUG] -[日志信息：{"mobilephone":"","pwd":"123456"}]-line:19'
'2020-02-06 23:26:42,650-login-[级别：DEBUG] -[日志信息：{"mobilephone":"","pwd":"123456"}]-line:19'
'2020-02-06 23:26:42,787-login-[级别：INFO] -[日志信息：第4条用例执行结果：PASS]-line:29'
'2020-02-06 23:26:42,787-login-[级别：INFO] -[日志信息：第4条用例执行结果：PASS]-line:29'
'2020-02-07 00:22:56,518-python33-[级别：ERROR] -[日志信息：这是什么贵]-line:31'
